app/build/intermediates/manifest_merge_blame_file/release/manifest-merger-blame-release-report.txt
1<?xml version="1.0" encoding="utf-8"?>
2<manifest xmlns:android="http://schemas.android.com/apk/res/android"
3    package="com.sagarock101.newsapp"
4    android:versionCode="1"
5    android:versionName="1.0" >
6
7    <uses-sdk
8        android:minSdkVersion="21"
8-->src\main\AndroidManifest.xml
9        android:targetSdkVersion="30" />
9-->src\main\AndroidManifest.xml
10
11    <uses-permission android:name="android.permission.ACCESS_NETWORK_STATE" />
11-->src\main\AndroidManifest.xml:5:5-79
11-->src\main\AndroidManifest.xml:5:22-76
12    <uses-permission android:name="android.permission.INTERNET" />
12-->src\main\AndroidManifest.xml:6:5-67
12-->src\main\AndroidManifest.xml:6:22-64
13    <uses-permission android:name="android.permission.RECORD_AUDIO" />
13-->src\main\AndroidManifest.xml:7:5-71
13-->src\main\AndroidManifest.xml:7:22-68
14    <uses-permission android:name="android.permission.VIBRATE" />
14-->src\main\AndroidManifest.xml:8:5-66
14-->src\main\AndroidManifest.xml:8:22-63
15    <uses-permission android:name="android.permission.WAKE_LOCK" />
15-->[com.google.android.gms:play-services-measurement-api:18.0.2] AndroidManifest.xml:24:5-68
15-->[com.google.android.gms:play-services-measurement-api:18.0.2] AndroidManifest.xml:24:22-65
16    <uses-permission android:name="com.google.android.finsky.permission.BIND_GET_INSTALL_REFERRER_SERVICE" /> <!-- Permission will be merged into the manifest of the hosting app. -->
16-->[com.google.android.gms:play-services-measurement:18.0.2] AndroidManifest.xml:26:5-110
16-->[com.google.android.gms:play-services-measurement:18.0.2] AndroidManifest.xml:26:22-107
17    <!-- Is required to launch foreground extraction service for targetSdkVersion 28+. -->
18    <uses-permission android:name="android.permission.FOREGROUND_SERVICE" />
18-->[com.google.android.play:core:1.7.2] AndroidManifest.xml:8:3-74
18-->[com.google.android.play:core:1.7.2] AndroidManifest.xml:8:20-72
19
20    <application
20-->src\main\AndroidManifest.xml:11:5-48:19
21        android:name="com.sagarock101.newsapp.MyApplication"
21-->src\main\AndroidManifest.xml:12:9-38
22        android:allowBackup="true"
22-->src\main\AndroidManifest.xml:13:9-35
23        android:appComponentFactory="androidx.core.app.CoreComponentFactory"
23-->[androidx.core:core:1.3.2] AndroidManifest.xml:24:18-86
24        android:icon="@mipmap/ic_launcher"
24-->src\main\AndroidManifest.xml:14:9-43
25        android:label="@string/app_name"
25-->src\main\AndroidManifest.xml:15:9-41
26        android:roundIcon="@mipmap/ic_launcher_round"
26-->src\main\AndroidManifest.xml:16:9-54
27        android:supportsRtl="true"
27-->src\main\AndroidManifest.xml:17:9-35
28        android:theme="@style/DefaultTheme" >
28-->src\main\AndroidManifest.xml:18:9-44
29        <activity
29-->src\main\AndroidManifest.xml:19:9-26:20
30            android:name="com.sagarock101.newsapp.ui.activities.MainActivity"
30-->src\main\AndroidManifest.xml:20:13-55
31            android:screenOrientation="portrait" >
31-->src\main\AndroidManifest.xml:21:13-49
32            <intent-filter>
32-->src\main\AndroidManifest.xml:22:13-25:29
33                <action android:name="android.intent.action.MAIN" />
33-->src\main\AndroidManifest.xml:23:17-69
33-->src\main\AndroidManifest.xml:23:25-66
34
35                <category android:name="android.intent.category.LAUNCHER" />
35-->src\main\AndroidManifest.xml:24:17-77
35-->src\main\AndroidManifest.xml:24:27-74
36            </intent-filter>
37        </activity>
38        <activity
38-->src\main\AndroidManifest.xml:27:9-29:52
39            android:name="com.sagarock101.search.ui.activity.SearchActivity"
39-->src\main\AndroidManifest.xml:28:13-77
40            android:screenOrientation="portrait" />
40-->src\main\AndroidManifest.xml:29:13-49
41        <activity
41-->src\main\AndroidManifest.xml:31:9-34:52
42            android:name="com.sagarock101.widget.WidgetItemDetailActivity"
42-->src\main\AndroidManifest.xml:32:13-75
43            android:excludeFromRecents="true"
43-->src\main\AndroidManifest.xml:33:13-46
44            android:screenOrientation="portrait" />
44-->src\main\AndroidManifest.xml:34:13-49
45
46        <service
46-->src\main\AndroidManifest.xml:36:9-38:72
47            android:name="com.sagarock101.widget.service.StackWidgetService"
47-->src\main\AndroidManifest.xml:37:13-77
48            android:permission="android.permission.BIND_REMOTEVIEWS" />
48-->src\main\AndroidManifest.xml:38:13-69
49
50        <receiver android:name="com.sagarock101.widget.MyAppWidgetProvider" >
50-->src\main\AndroidManifest.xml:40:9-47:20
50-->src\main\AndroidManifest.xml:40:19-76
51            <intent-filter>
51-->src\main\AndroidManifest.xml:41:13-43:29
52                <action android:name="android.appwidget.action.APPWIDGET_UPDATE" />
52-->src\main\AndroidManifest.xml:42:17-84
52-->src\main\AndroidManifest.xml:42:25-81
53            </intent-filter>
54
55            <meta-data
55-->src\main\AndroidManifest.xml:44:13-46:61
56                android:name="android.appwidget.provider"
56-->src\main\AndroidManifest.xml:45:17-58
57                android:resource="@xml/widget_stack_info" />
57-->src\main\AndroidManifest.xml:46:17-58
58        </receiver>
59
60        <service
60-->[com.google.firebase:firebase-analytics-ktx:18.0.2] AndroidManifest.xml:8:9-14:19
61            android:name="com.google.firebase.components.ComponentDiscoveryService"
61-->[com.google.firebase:firebase-analytics-ktx:18.0.2] AndroidManifest.xml:9:13-84
62            android:directBootAware="true"
62-->[com.google.firebase:firebase-common:19.5.0] AndroidManifest.xml:35:13-43
63            android:exported="false" >
63-->[com.google.firebase:firebase-analytics-ktx:18.0.2] AndroidManifest.xml:10:13-37
64            <meta-data
64-->[com.google.firebase:firebase-analytics-ktx:18.0.2] AndroidManifest.xml:11:13-13:85
65                android:name="com.google.firebase.components:com.google.firebase.analytics.ktx.FirebaseAnalyticsKtxRegistrar"
65-->[com.google.firebase:firebase-analytics-ktx:18.0.2] AndroidManifest.xml:12:17-126
66                android:value="com.google.firebase.components.ComponentRegistrar" />
66-->[com.google.firebase:firebase-analytics-ktx:18.0.2] AndroidManifest.xml:13:17-82
67            <meta-data
67-->[com.google.firebase:firebase-common-ktx:19.5.0] AndroidManifest.xml:15:13-17:85
68                android:name="com.google.firebase.components:com.google.firebase.ktx.FirebaseCommonKtxRegistrar"
68-->[com.google.firebase:firebase-common-ktx:19.5.0] AndroidManifest.xml:16:17-113
69                android:value="com.google.firebase.components.ComponentRegistrar" />
69-->[com.google.firebase:firebase-common-ktx:19.5.0] AndroidManifest.xml:17:17-82
70            <meta-data
70-->[com.google.android.gms:play-services-measurement-api:18.0.2] AndroidManifest.xml:30:13-32:85
71                android:name="com.google.firebase.components:com.google.firebase.analytics.connector.internal.AnalyticsConnectorRegistrar"
71-->[com.google.android.gms:play-services-measurement-api:18.0.2] AndroidManifest.xml:31:17-139
72                android:value="com.google.firebase.components.ComponentRegistrar" />
72-->[com.google.android.gms:play-services-measurement-api:18.0.2] AndroidManifest.xml:32:17-82
73            <meta-data
73-->[com.google.firebase:firebase-installations:16.3.5] AndroidManifest.xml:18:13-20:85
74                android:name="com.google.firebase.components:com.google.firebase.installations.FirebaseInstallationsRegistrar"
74-->[com.google.firebase:firebase-installations:16.3.5] AndroidManifest.xml:19:17-127
75                android:value="com.google.firebase.components.ComponentRegistrar" />
75-->[com.google.firebase:firebase-installations:16.3.5] AndroidManifest.xml:20:17-82
76            <!--
77                This registrar is not defined in the dynamic-module-support sdk itself to allow non-firebase
78                clients to use it as well, by defining this registrar in their own core/common library.
79            -->
80            <meta-data
80-->[com.google.firebase:firebase-common:19.5.0] AndroidManifest.xml:43:13-45:85
81                android:name="com.google.firebase.components:com.google.firebase.dynamicloading.DynamicLoadingRegistrar"
81-->[com.google.firebase:firebase-common:19.5.0] AndroidManifest.xml:44:17-121
82                android:value="com.google.firebase.components.ComponentRegistrar" />
82-->[com.google.firebase:firebase-common:19.5.0] AndroidManifest.xml:45:17-82
83        </service>
84
85        <provider
85-->[com.google.firebase:firebase-common:19.5.0] AndroidManifest.xml:26:9-31:39
86            android:name="com.google.firebase.provider.FirebaseInitProvider"
86-->[com.google.firebase:firebase-common:19.5.0] AndroidManifest.xml:27:13-77
87            android:authorities="com.sagarock101.newsapp.firebaseinitprovider"
87-->[com.google.firebase:firebase-common:19.5.0] AndroidManifest.xml:28:13-72
88            android:directBootAware="true"
88-->[com.google.firebase:firebase-common:19.5.0] AndroidManifest.xml:29:13-43
89            android:exported="false"
89-->[com.google.firebase:firebase-common:19.5.0] AndroidManifest.xml:30:13-37
90            android:initOrder="100" />
90-->[com.google.firebase:firebase-common:19.5.0] AndroidManifest.xml:31:13-36
91
92        <receiver
92-->[com.google.android.gms:play-services-measurement:18.0.2] AndroidManifest.xml:29:9-33:20
93            android:name="com.google.android.gms.measurement.AppMeasurementReceiver"
93-->[com.google.android.gms:play-services-measurement:18.0.2] AndroidManifest.xml:30:13-85
94            android:enabled="true"
94-->[com.google.android.gms:play-services-measurement:18.0.2] AndroidManifest.xml:31:13-35
95            android:exported="false" >
95-->[com.google.android.gms:play-services-measurement:18.0.2] AndroidManifest.xml:32:13-37
96        </receiver>
97
98        <service
98-->[com.google.android.gms:play-services-measurement:18.0.2] AndroidManifest.xml:35:9-38:40
99            android:name="com.google.android.gms.measurement.AppMeasurementService"
99-->[com.google.android.gms:play-services-measurement:18.0.2] AndroidManifest.xml:36:13-84
100            android:enabled="true"
100-->[com.google.android.gms:play-services-measurement:18.0.2] AndroidManifest.xml:37:13-35
101            android:exported="false" />
101-->[com.google.android.gms:play-services-measurement:18.0.2] AndroidManifest.xml:38:13-37
102        <service
102-->[com.google.android.gms:play-services-measurement:18.0.2] AndroidManifest.xml:39:9-43:72
103            android:name="com.google.android.gms.measurement.AppMeasurementJobService"
103-->[com.google.android.gms:play-services-measurement:18.0.2] AndroidManifest.xml:40:13-87
104            android:enabled="true"
104-->[com.google.android.gms:play-services-measurement:18.0.2] AndroidManifest.xml:41:13-35
105            android:exported="false"
105-->[com.google.android.gms:play-services-measurement:18.0.2] AndroidManifest.xml:42:13-37
106            android:permission="android.permission.BIND_JOB_SERVICE" />
106-->[com.google.android.gms:play-services-measurement:18.0.2] AndroidManifest.xml:43:13-69
107
108        <meta-data
108-->[com.google.android.gms:play-services-basement:17.0.0] AndroidManifest.xml:23:9-25:69
109            android:name="com.google.android.gms.version"
109-->[com.google.android.gms:play-services-basement:17.0.0] AndroidManifest.xml:24:13-58
110            android:value="@integer/google_play_services_version" />
110-->[com.google.android.gms:play-services-basement:17.0.0] AndroidManifest.xml:25:13-66
111
112        <service
112-->[androidx.room:room-runtime:2.2.6] AndroidManifest.xml:25:9-28:40
113            android:name="androidx.room.MultiInstanceInvalidationService"
113-->[androidx.room:room-runtime:2.2.6] AndroidManifest.xml:26:13-74
114            android:directBootAware="true"
114-->[androidx.room:room-runtime:2.2.6] AndroidManifest.xml:27:13-43
115            android:exported="false" /> <!-- The activities will be merged into the manifest of the hosting app. -->
115-->[androidx.room:room-runtime:2.2.6] AndroidManifest.xml:28:13-37
116        <activity
116-->[com.google.android.play:core:1.7.2] AndroidManifest.xml:12:5-271
117            android:name="com.google.android.play.core.missingsplits.PlayCoreMissingSplitsActivity"
117-->[com.google.android.play:core:1.7.2] AndroidManifest.xml:12:15-102
118            android:enabled="false"
118-->[com.google.android.play:core:1.7.2] AndroidManifest.xml:12:103-126
119            android:exported="false"
119-->[com.google.android.play:core:1.7.2] AndroidManifest.xml:12:127-151
120            android:launchMode="singleInstance"
120-->[com.google.android.play:core:1.7.2] AndroidManifest.xml:12:204-239
121            android:process=":playcore_missing_splits_activity"
121-->[com.google.android.play:core:1.7.2] AndroidManifest.xml:12:152-203
122            android:stateNotNeeded="true" />
122-->[com.google.android.play:core:1.7.2] AndroidManifest.xml:12:240-269
123        <activity
123-->[com.google.android.play:core:1.7.2] AndroidManifest.xml:13:5-226
124            android:name="com.google.android.play.core.common.PlayCoreDialogWrapperActivity"
124-->[com.google.android.play:core:1.7.2] AndroidManifest.xml:13:15-95
125            android:enabled="false"
125-->[com.google.android.play:core:1.7.2] AndroidManifest.xml:13:96-119
126            android:exported="false"
126-->[com.google.android.play:core:1.7.2] AndroidManifest.xml:13:120-144
127            android:stateNotNeeded="true"
127-->[com.google.android.play:core:1.7.2] AndroidManifest.xml:13:145-174
128            android:theme="@style/Theme.PlayCore.Transparent" /> <!-- The service will be merged into the manifest of the hosting app. -->
128-->[com.google.android.play:core:1.7.2] AndroidManifest.xml:13:175-224
129        <service
129-->[com.google.android.play:core:1.7.2] AndroidManifest.xml:16:5-145
130            android:name="com.google.android.play.core.assetpacks.AssetPackExtractionService"
130-->[com.google.android.play:core:1.7.2] AndroidManifest.xml:16:14-95
131            android:enabled="false"
131-->[com.google.android.play:core:1.7.2] AndroidManifest.xml:16:96-119
132            android:exported="true" />
132-->[com.google.android.play:core:1.7.2] AndroidManifest.xml:16:120-143
133    </application>
134
135</manifest>